<?xml version="1.0" encoding="UTF-8"?>
<!-- Generated by org.testng.reporters.JUnitReportReporter -->
<testsuite hostname="krtech" failures="0" tests="1" name="runner.RunnerTest" time="0.463" errors="0" timestamp="13 Feb 2019 09:57:54 GMT" skipped="0">
  <testcase classname="runner.RunnerTest" name="feature" time="0.463"/>
</testsuite> <!-- runner.RunnerTest -->
